<?xml version="1.0" encoding="UTF-8"?>
<!-- Generated by org.testng.reporters.JUnitReportReporter -->
<testsuite skipped="0" hostname="HPDB0154" name="tatoc.Tatoc_testNG" tests="2" failures="0" timestamp="27 Jun 2018 05:05:32 GMT" time="9.246" errors="0">
  <testcase name="launchBrowser" time="7.028" classname="tatoc.Tatoc_testNG"/>
  <testcase name="launchurl" time="2.218" classname="tatoc.Tatoc_testNG"/>
</testsuite> <!-- tatoc.Tatoc_testNG -->
